<?xml version="1.0" encoding="UTF-8"?>
<testng-results ignored="0" total="1" passed="1" failed="0" skipped="0">
  <reporter-output>
  </reporter-output>
  <suite started-at="2022-07-15T22:32:09 IST" name="Default suite" finished-at="2022-07-15T22:32:40 IST" duration-ms="30499">
    <groups>
    </groups>
    <test started-at="2022-07-15T22:32:09 IST" name="Default test" finished-at="2022-07-15T22:32:40 IST" duration-ms="30499">
      <class name="ToverifyTheBigBasksetProductTest.ToVerifyTheBigBasketProductTest">
        <test-method signature="toVerifyTheBigBasketTest()[pri:0, instance:ToverifyTheBigBasksetProductTest.ToVerifyTheBigBasketProductTest@4b013c76]" started-at="2022-07-15T22:32:09 IST" name="toVerifyTheBigBasketTest" finished-at="2022-07-15T22:32:40 IST" duration-ms="30450" status="PASS">
          <reporter-output>
          </reporter-output>
        </test-method> <!-- toVerifyTheBigBasketTest -->
      </class> <!-- ToverifyTheBigBasksetProductTest.ToVerifyTheBigBasketProductTest -->
    </test> <!-- Default test -->
  </suite> <!-- Default suite -->
</testng-results>
